# JRE version: Java(TM) SE Runtime Environment (8.0_251-b08) (build 1.8.0_251-b08)
# Java VM: Java HotSpot(TM) Client VM (25.251-b08 mixed mode windows-x86 )
Heap:
 def new generation   total 61504K, used 18141K [0x04600000, 0x088b0000, 0x09b50000)
  eden space 54720K,  32% used [0x04600000, 0x0578a650, 0x07b70000)
  from space 6784K,   2% used [0x07b70000, 0x07b9cff0, 0x08210000)
  to   space 6784K,   0% used [0x08210000, 0x08210000, 0x088b0000)
 tenured generation   total 136440K, used 102155K [0x09b50000, 0x1208e000, 0x14600000)
   the space 136440K,  74% used [0x09b50000, 0x0ff12e08, 0x0ff13000, 0x1208e000)
 Metaspace       used 20982K, capacity 21915K, committed 22016K, reserved 22912K
GC Heap History (10 events):
Event: 75.312 GC heap before
{Heap before GC invocations=22 (full 4):
 def new generation   total 61504K, used 54856K [0x04600000, 0x088b0000, 0x09b50000)
  eden space 54720K, 100% used [0x04600000, 0x07b70000, 0x07b70000)
  from space 6784K,   2% used [0x08210000, 0x082320a8, 0x088b0000)
  to   space 6784K,   0% used [0x07b70000, 0x07b70000, 0x08210000)
 tenured generation   total 136440K, used 102155K [0x09b50000, 0x1208e000, 0x14600000)
   the space 136440K,  74% used [0x09b50000, 0x0ff12e08, 0x0ff13000, 0x1208e000)
 Metaspace       used 20899K, capacity 21823K, committed 21888K, reserved 21888K
Event: 75.314 GC heap after
Heap after GC invocations=23 (full 4):
 def new generation   total 61504K, used 144K [0x04600000, 0x088b0000, 0x09b50000)
  eden space 54720K,   0% used [0x04600000, 0x04600000, 0x07b70000)
  from space 6784K,   2% used [0x07b70000, 0x07b94018, 0x08210000)
  to   space 6784K,   0% used [0x08210000, 0x08210000, 0x088b0000)
 tenured generation   total 136440K, used 102155K [0x09b50000, 0x1208e000, 0x14600000)
   the space 136440K,  74% used [0x09b50000, 0x0ff12e08, 0x0ff13000, 0x1208e000)
 Metaspace       used 20899K, capacity 21823K, committed 21888K, reserved 21888K
}
Event: 76.464 GC heap before
{Heap before GC invocations=23 (full 4):
 def new generation   total 61504K, used 54864K [0x04600000, 0x088b0000, 0x09b50000)
  eden space 54720K, 100% used [0x04600000, 0x07b70000, 0x07b70000)
  from space 6784K,   2% used [0x07b70000, 0x07b94018, 0x08210000)
  to   space 6784K,   0% used [0x08210000, 0x08210000, 0x088b0000)
 tenured generation   total 136440K, used 102155K [0x09b50000, 0x1208e000, 0x14600000)
   the space 136440K,  74% used [0x09b50000, 0x0ff12e08, 0x0ff13000, 0x1208e000)
 Metaspace       used 20899K, capacity 21823K, committed 21888K, reserved 21888K
Event: 76.465 GC heap after
Heap after GC invocations=24 (full 4):
 def new generation   total 61504K, used 135K [0x04600000, 0x088b0000, 0x09b50000)
  eden space 54720K,   0% used [0x04600000, 0x04600000, 0x07b70000)
  from space 6784K,   1% used [0x08210000, 0x08231c70, 0x088b0000)
  to   space 6784K,   0% used [0x07b70000, 0x07b70000, 0x08210000)
 tenured generation   total 136440K, used 102155K [0x09b50000, 0x1208e000, 0x14600000)
   the space 136440K,  74% used [0x09b50000, 0x0ff12e08, 0x0ff13000, 0x1208e000)
 Metaspace       used 20899K, capacity 21823K, committed 21888K, reserved 21888K
}
Event: 235.448 GC heap before
{Heap before GC invocations=24 (full 4):
 def new generation   total 61504K, used 54855K [0x04600000, 0x088b0000, 0x09b50000)
  eden space 54720K, 100% used [0x04600000, 0x07b70000, 0x07b70000)
  from space 6784K,   1% used [0x08210000, 0x08231c70, 0x088b0000)
  to   space 6784K,   0% used [0x07b70000, 0x07b70000, 0x08210000)
 tenured generation   total 136440K, used 102155K [0x09b50000, 0x1208e000, 0x14600000)
   the space 136440K,  74% used [0x09b50000, 0x0ff12e08, 0x0ff13000, 0x1208e000)
 Metaspace       used 20899K, capacity 21823K, committed 21888K, reserved 21888K
Event: 235.450 GC heap after
Heap after GC invocations=25 (full 4):
 def new generation   total 61504K, used 167K [0x04600000, 0x088b0000, 0x09b50000)
  eden space 54720K,   0% used [0x04600000, 0x04600000, 0x07b70000)
  from space 6784K,   2% used [0x07b70000, 0x07b99e20, 0x08210000)
  to   space 6784K,   0% used [0x08210000, 0x08210000, 0x088b0000)
 tenured generation   total 136440K, used 102155K [0x09b50000, 0x1208e000, 0x14600000)
   the space 136440K,  74% used [0x09b50000, 0x0ff12e08, 0x0ff13000, 0x1208e000)
 Metaspace       used 20899K, capacity 21823K, committed 21888K, reserved 21888K
}
Event: 236.550 GC heap before
{Heap before GC invocations=25 (full 4):
 def new generation   total 61504K, used 54887K [0x04600000, 0x088b0000, 0x09b50000)
  eden space 54720K, 100% used [0x04600000, 0x07b70000, 0x07b70000)
  from space 6784K,   2% used [0x07b70000, 0x07b99e20, 0x08210000)
  to   space 6784K,   0% used [0x08210000, 0x08210000, 0x088b0000)
 tenured generation   total 136440K, used 102155K [0x09b50000, 0x1208e000, 0x14600000)
   the space 136440K,  74% used [0x09b50000, 0x0ff12e08, 0x0ff13000, 0x1208e000)
 Metaspace       used 20899K, capacity 21823K, committed 21888K, reserved 21888K
Event: 236.551 GC heap after
Heap after GC invocations=26 (full 4):
 def new generation   total 61504K, used 187K [0x04600000, 0x088b0000, 0x09b50000)
  eden space 54720K,   0% used [0x04600000, 0x04600000, 0x07b70000)
  from space 6784K,   2% used [0x08210000, 0x0823ee48, 0x088b0000)
  to   space 6784K,   0% used [0x07b70000, 0x07b70000, 0x08210000)
 tenured generation   total 136440K, used 102155K [0x09b50000, 0x1208e000, 0x14600000)
   the space 136440K,  74% used [0x09b50000, 0x0ff12e08, 0x0ff13000, 0x1208e000)
 Metaspace       used 20899K, capacity 21823K, committed 21888K, reserved 21888K
}
Event: 237.640 GC heap before
{Heap before GC invocations=26 (full 4):
 def new generation   total 61504K, used 54907K [0x04600000, 0x088b0000, 0x09b50000)
  eden space 54720K, 100% used [0x04600000, 0x07b70000, 0x07b70000)
  from space 6784K,   2% used [0x08210000, 0x0823ee48, 0x088b0000)
  to   space 6784K,   0% used [0x07b70000, 0x07b70000, 0x08210000)
 tenured generation   total 136440K, used 102155K [0x09b50000, 0x1208e000, 0x14600000)
   the space 136440K,  74% used [0x09b50000, 0x0ff12e08, 0x0ff13000, 0x1208e000)
 Metaspace       used 20899K, capacity 21823K, committed 21888K, reserved 21888K
Event: 237.641 GC heap after
Heap after GC invocations=27 (full 4):
 def new generation   total 61504K, used 179K [0x04600000, 0x088b0000, 0x09b50000)
  eden space 54720K,   0% used [0x04600000, 0x04600000, 0x07b70000)
  from space 6784K,   2% used [0x07b70000, 0x07b9cff0, 0x08210000)
  to   space 6784K,   0% used [0x08210000, 0x08210000, 0x088b0000)
 tenured generation   total 136440K, used 102155K [0x09b50000, 0x1208e000, 0x14600000)
   the space 136440K,  74% used [0x09b50000, 0x0ff12e08, 0x0ff13000, 0x1208e000)
 Metaspace       used 20899K, capacity 21823K, committed 21888K, reserved 21888K
}

